<?xml version="1.0" encoding="UTF-8"?>
<!-- Generated by org.testng.reporters.JUnitXMLReporter -->
<testsuite ignored="0" hostname="FLXYXQV9TM" failures="0" tests="3" name="HomePageTest" time="6.682" errors="0" timestamp="2025-06-19T21:34:44 IST">
  <testcase classname="mytest.HomePageTest" name="loginTest" time="0.639"/>
  <testcase classname="mytest.HomePageTest" name="homePageTitleTest" time="0.001"/>
  <testcase classname="mytest.HomePageTest" name="searchIconDisplayed" time="0.006"/>
</testsuite> <!-- HomePageTest -->
